INFO [2021-04-27 11:44:25] $x
INFO [2021-04-27 11:44:25] candidates
INFO [2021-04-27 11:44:25] 
INFO [2021-04-27 11:44:25] $filename
INFO [2021-04-27 11:44:25] NULL
INFO [2021-04-27 11:44:25] 
INFO [2021-04-27 11:44:25] $col
INFO [2021-04-27 11:44:25] [1] "transparent"
INFO [2021-04-27 11:44:25] 
INFO [2021-04-27 11:44:25] $fill
INFO [2021-04-27 11:44:25] c("coral2", "forestgreen")
INFO [2021-04-27 11:44:25] 
INFO [2021-04-27 11:44:25] $alpha
INFO [2021-04-27 11:44:25] [1] 0.5
INFO [2021-04-27 11:44:25] 
INFO [2021-04-27 11:44:25] $cex
INFO [2021-04-27 11:44:25] [1] 2.5
INFO [2021-04-27 11:44:25] 
INFO [2021-04-27 11:44:25] $fontfamily
INFO [2021-04-27 11:44:25] [1] "sans"
INFO [2021-04-27 11:44:25] 
INFO [2021-04-27 11:44:25] $fontface
INFO [2021-04-27 11:44:25] [1] "bold"
INFO [2021-04-27 11:44:25] 
INFO [2021-04-27 11:44:25] $cat.default.pos
INFO [2021-04-27 11:44:25] [1] "text"
INFO [2021-04-27 11:44:25] 
INFO [2021-04-27 11:44:25] $cat.col
INFO [2021-04-27 11:44:25] c("darkred", "darkgreen")
INFO [2021-04-27 11:44:25] 
INFO [2021-04-27 11:44:25] $cat.cex
INFO [2021-04-27 11:44:25] [1] 2.5
INFO [2021-04-27 11:44:25] 
INFO [2021-04-27 11:44:25] $cat.fontfamily
INFO [2021-04-27 11:44:25] [1] "sans"
INFO [2021-04-27 11:44:25] 
INFO [2021-04-27 11:44:25] $cat.dist
INFO [2021-04-27 11:44:25] c(0.08, 0.08)
INFO [2021-04-27 11:44:25] 
INFO [2021-04-27 11:44:25] $cat.pos
INFO [2021-04-27 11:44:25] [1] 1
INFO [2021-04-27 11:44:25] 
