INFO [2021-04-27 11:40:12] $x
INFO [2021-04-27 11:40:12] candidates
INFO [2021-04-27 11:40:12] 
INFO [2021-04-27 11:40:12] $filename
INFO [2021-04-27 11:40:12] NULL
INFO [2021-04-27 11:40:12] 
INFO [2021-04-27 11:40:12] $col
INFO [2021-04-27 11:40:12] [1] "transparent"
INFO [2021-04-27 11:40:12] 
INFO [2021-04-27 11:40:12] $fill
INFO [2021-04-27 11:40:12] c("coral2", "forestgreen")
INFO [2021-04-27 11:40:12] 
INFO [2021-04-27 11:40:12] $alpha
INFO [2021-04-27 11:40:12] [1] 0.5
INFO [2021-04-27 11:40:12] 
INFO [2021-04-27 11:40:12] $cex
INFO [2021-04-27 11:40:12] [1] 2.5
INFO [2021-04-27 11:40:12] 
INFO [2021-04-27 11:40:12] $fontfamily
INFO [2021-04-27 11:40:12] [1] "sans"
INFO [2021-04-27 11:40:12] 
INFO [2021-04-27 11:40:12] $fontface
INFO [2021-04-27 11:40:12] [1] "bold"
INFO [2021-04-27 11:40:12] 
INFO [2021-04-27 11:40:12] $cat.default.pos
INFO [2021-04-27 11:40:12] [1] "text"
INFO [2021-04-27 11:40:12] 
INFO [2021-04-27 11:40:12] $cat.col
INFO [2021-04-27 11:40:12] c("darkred", "darkgreen")
INFO [2021-04-27 11:40:12] 
INFO [2021-04-27 11:40:12] $cat.cex
INFO [2021-04-27 11:40:12] [1] 2.5
INFO [2021-04-27 11:40:12] 
INFO [2021-04-27 11:40:12] $cat.fontfamily
INFO [2021-04-27 11:40:12] [1] "sans"
INFO [2021-04-27 11:40:12] 
INFO [2021-04-27 11:40:12] $cat.dist
INFO [2021-04-27 11:40:12] c(0.08, 0.08)
INFO [2021-04-27 11:40:12] 
INFO [2021-04-27 11:40:12] $cat.pos
INFO [2021-04-27 11:40:12] [1] 1
INFO [2021-04-27 11:40:12] 
